{"C:\\wiki\\src\\utils.ts": {"path":"C:\\wiki\\src\\utils.ts","statementMap":{"0":{"start":{"line":1,"column":0},"end":{"line":1,"column":26}},"1":{"start":{"line":2,"column":0},"end":{"line":2,"column":40}},"2":{"start":{"line":24,"column":26},"end":{"line":24,"column":28}},"3":{"start":{"line":25,"column":4},"end":{"line":25,"column":26}},"4":{"start":{"line":26,"column":28},"end":{"line":26,"column":35}},"5":{"start":{"line":28,"column":4},"end":{"line":47,"column":null}},"6":{"start":{"line":29,"column":29},"end":{"line":29,"column":39}},"7":{"start":{"line":30,"column":8},"end":{"line":30,"column":25}},"8":{"start":{"line":32,"column":33},"end":{"line":32,"column":106}},"9":{"start":{"line":32,"column":58},"end":{"line":32,"column":105}},"10":{"start":{"line":32,"column":88},"end":{"line":32,"column":103}},"11":{"start":{"line":33,"column":32},"end":{"line":33,"column":67}},"12":{"start":{"line":35,"column":8},"end":{"line":46,"column":null}},"13":{"start":{"line":36,"column":12},"end":{"line":45,"column":null}},"14":{"start":{"line":37,"column":16},"end":{"line":39,"column":null}},"15":{"start":{"line":38,"column":20},"end":{"line":38,"column":51}},"16":{"start":{"line":41,"column":16},"end":{"line":44,"column":null}},"17":{"start":{"line":42,"column":20},"end":{"line":42,"column":57}},"18":{"start":{"line":43,"column":20},"end":{"line":43,"column":37}},"19":{"start":{"line":49,"column":4},"end":{"line":49,"column":16}},"20":{"start":{"line":23,"column":0},"end":{"line":23,"column":22}},"21":{"start":{"line":59,"column":4},"end":{"line":79,"column":null}},"22":{"start":{"line":60,"column":25},"end":{"line":60,"column":46}},"23":{"start":{"line":61,"column":18},"end":{"line":61,"column":37}},"24":{"start":{"line":62,"column":24},"end":{"line":62,"column":65}},"25":{"start":{"line":63,"column":22},"end":{"line":63,"column":39}},"26":{"start":{"line":66,"column":8},"end":{"line":69,"column":11}},"27":{"start":{"line":67,"column":25},"end":{"line":67,"column":48}},"28":{"start":{"line":68,"column":12},"end":{"line":68,"column":38}},"29":{"start":{"line":71,"column":8},"end":{"line":71,"column":33}},"30":{"start":{"line":73,"column":8},"end":{"line":77,"column":null}},"31":{"start":{"line":74,"column":12},"end":{"line":74,"column":80}},"32":{"start":{"line":76,"column":12},"end":{"line":76,"column":77}},"33":{"start":{"line":78,"column":8},"end":{"line":78,"column":18}},"34":{"start":{"line":58,"column":0},"end":{"line":58,"column":22}},"35":{"start":{"line":90,"column":32},"end":{"line":90,"column":34}},"36":{"start":{"line":92,"column":4},"end":{"line":109,"column":null}},"37":{"start":{"line":93,"column":8},"end":{"line":108,"column":null}},"38":{"start":{"line":94,"column":26},"end":{"line":94,"column":62}},"39":{"start":{"line":95,"column":12},"end":{"line":95,"column":71}},"40":{"start":{"line":95,"column":30},"end":{"line":95,"column":71}},"41":{"start":{"line":96,"column":12},"end":{"line":96,"column":61}},"42":{"start":{"line":97,"column":29},"end":{"line":97,"column":50}},"43":{"start":{"line":98,"column":12},"end":{"line":100,"column":null}},"44":{"start":{"line":99,"column":16},"end":{"line":99,"column":65}},"45":{"start":{"line":102,"column":12},"end":{"line":106,"column":null}},"46":{"start":{"line":103,"column":16},"end":{"line":103,"column":104}},"47":{"start":{"line":105,"column":16},"end":{"line":105,"column":96}},"48":{"start":{"line":107,"column":12},"end":{"line":107,"column":25}},"49":{"start":{"line":111,"column":4},"end":{"line":114,"column":null}},"50":{"start":{"line":112,"column":8},"end":{"line":112,"column":59}},"51":{"start":{"line":113,"column":8},"end":{"line":113,"column":21}},"52":{"start":{"line":116,"column":4},"end":{"line":119,"column":null}},"53":{"start":{"line":117,"column":8},"end":{"line":117,"column":80}},"54":{"start":{"line":118,"column":8},"end":{"line":118,"column":21}},"55":{"start":{"line":121,"column":24},"end":{"line":121,"column":44}},"56":{"start":{"line":122,"column":17},"end":{"line":122,"column":47}},"57":{"start":{"line":123,"column":4},"end":{"line":126,"column":null}},"58":{"start":{"line":124,"column":8},"end":{"line":124,"column":91}},"59":{"start":{"line":125,"column":8},"end":{"line":125,"column":21}},"60":{"start":{"line":128,"column":4},"end":{"line":128,"column":16}},"61":{"start":{"line":89,"column":0},"end":{"line":89,"column":22}},"62":{"start":{"line":138,"column":4},"end":{"line":151,"column":null}},"63":{"start":{"line":139,"column":28},"end":{"line":139,"column":48}},"64":{"start":{"line":140,"column":21},"end":{"line":140,"column":51}},"65":{"start":{"line":141,"column":22},"end":{"line":141,"column":58}},"66":{"start":{"line":142,"column":24},"end":{"line":142,"column":81}},"67":{"start":{"line":143,"column":8},"end":{"line":143,"column":47}},"68":{"start":{"line":145,"column":8},"end":{"line":149,"column":null}},"69":{"start":{"line":146,"column":12},"end":{"line":146,"column":87}},"70":{"start":{"line":148,"column":12},"end":{"line":148,"column":84}},"71":{"start":{"line":150,"column":8},"end":{"line":150,"column":30}},"72":{"start":{"line":137,"column":0},"end":{"line":137,"column":22}}},"fnMap":{"0":{"name":"findShortestPath","decl":{"start":{"line":23,"column":22},"end":{"line":23,"column":38}},"loc":{"start":{"line":23,"column":73},"end":{"line":50,"column":null}}},"1":{"name":"(anonymous_16)","decl":{"start":{"line":32,"column":50},"end":{"line":32,"column":54}},"loc":{"start":{"line":32,"column":58},"end":{"line":32,"column":105}}},"2":{"name":"(anonymous_17)","decl":{"start":{"line":32,"column":78},"end":{"line":32,"column":83}},"loc":{"start":{"line":32,"column":88},"end":{"line":32,"column":103}}},"3":{"name":"getLinks","decl":{"start":{"line":58,"column":22},"end":{"line":58,"column":30}},"loc":{"start":{"line":58,"column":43},"end":{"line":80,"column":null}}},"4":{"name":"(anonymous_20)","decl":{"start":{"line":66,"column":38},"end":{"line":66,"column":39}},"loc":{"start":{"line":66,"column":53},"end":{"line":69,"column":9}}},"5":{"name":"checkPages","decl":{"start":{"line":89,"column":22},"end":{"line":89,"column":32}},"loc":{"start":{"line":89,"column":59},"end":{"line":129,"column":null}}},"6":{"name":"redirected","decl":{"start":{"line":137,"column":22},"end":{"line":137,"column":32}},"loc":{"start":{"line":137,"column":44},"end":{"line":152,"column":null}}}},"branchMap":{"0":{"loc":{"start":{"line":37,"column":16},"end":{"line":39,"column":null}},"type":"if","locations":[{"start":{"line":37,"column":16},"end":{"line":39,"column":null}}]},"1":{"loc":{"start":{"line":41,"column":16},"end":{"line":44,"column":null}},"type":"if","locations":[{"start":{"line":41,"column":16},"end":{"line":44,"column":null}}]},"2":{"loc":{"start":{"line":41,"column":20},"end":{"line":41,"column":48}},"type":"binary-expr","locations":[{"start":{"line":41,"column":20},"end":{"line":41,"column":31}},{"start":{"line":41,"column":35},"end":{"line":41,"column":48}}]},"3":{"loc":{"start":{"line":73,"column":8},"end":{"line":77,"column":null}},"type":"if","locations":[{"start":{"line":73,"column":8},"end":{"line":77,"column":null}},{"start":{"line":75,"column":15},"end":{"line":77,"column":null}}]},"4":{"loc":{"start":{"line":95,"column":12},"end":{"line":95,"column":71}},"type":"if","locations":[{"start":{"line":95,"column":12},"end":{"line":95,"column":71}}]},"5":{"loc":{"start":{"line":98,"column":12},"end":{"line":100,"column":null}},"type":"if","locations":[{"start":{"line":98,"column":12},"end":{"line":100,"column":null}}]},"6":{"loc":{"start":{"line":102,"column":12},"end":{"line":106,"column":null}},"type":"if","locations":[{"start":{"line":102,"column":12},"end":{"line":106,"column":null}},{"start":{"line":104,"column":19},"end":{"line":106,"column":null}}]},"7":{"loc":{"start":{"line":111,"column":4},"end":{"line":114,"column":null}},"type":"if","locations":[{"start":{"line":111,"column":4},"end":{"line":114,"column":null}}]},"8":{"loc":{"start":{"line":116,"column":4},"end":{"line":119,"column":null}},"type":"if","locations":[{"start":{"line":116,"column":4},"end":{"line":119,"column":null}}]},"9":{"loc":{"start":{"line":123,"column":4},"end":{"line":126,"column":null}},"type":"if","locations":[{"start":{"line":123,"column":4},"end":{"line":126,"column":null}}]},"10":{"loc":{"start":{"line":145,"column":8},"end":{"line":149,"column":null}},"type":"if","locations":[{"start":{"line":145,"column":8},"end":{"line":149,"column":null}},{"start":{"line":147,"column":15},"end":{"line":149,"column":null}}]}},"s":{"0":1,"1":1,"2":0,"3":0,"4":0,"5":0,"6":0,"7":0,"8":0,"9":0,"10":0,"11":0,"12":0,"13":0,"14":0,"15":0,"16":0,"17":0,"18":0,"19":0,"20":1,"21":1,"22":1,"23":1,"24":1,"25":1,"26":1,"27":2,"28":2,"29":1,"30":0,"31":0,"32":0,"33":0,"34":1,"35":1,"36":1,"37":1,"38":1,"39":1,"40":0,"41":1,"42":1,"43":0,"44":0,"45":1,"46":0,"47":1,"48":1,"49":0,"50":0,"51":0,"52":0,"53":0,"54":0,"55":0,"56":0,"57":0,"58":0,"59":0,"60":0,"61":1,"62":1,"63":1,"64":1,"65":1,"66":1,"67":1,"68":0,"69":0,"70":0,"71":0,"72":1},"f":{"0":0,"1":0,"2":0,"3":1,"4":2,"5":1,"6":1},"b":{"0":[0],"1":[0],"2":[0,0],"3":[0,0],"4":[0],"5":[0],"6":[0,1],"7":[0],"8":[0],"9":[0],"10":[0,0]}}
}
