TN:
SF:src\utils.ts
FN:23,findShortestPath
FN:32,(anonymous_16)
FN:32,(anonymous_17)
FN:58,getLinks
FN:66,(anonymous_20)
FN:89,checkPages
FN:137,redirected
FNF:7
FNH:4
FNDA:0,findShortestPath
FNDA:0,(anonymous_16)
FNDA:0,(anonymous_17)
FNDA:1,getLinks
FNDA:2,(anonymous_20)
FNDA:1,checkPages
FNDA:1,redirected
DA:1,1
DA:2,1
DA:23,1
DA:24,0
DA:25,0
DA:26,0
DA:28,0
DA:29,0
DA:30,0
DA:32,0
DA:33,0
DA:35,0
DA:36,0
DA:37,0
DA:38,0
DA:41,0
DA:42,0
DA:43,0
DA:49,0
DA:58,1
DA:59,1
DA:60,1
DA:61,1
DA:62,1
DA:63,1
DA:66,1
DA:67,2
DA:68,2
DA:71,1
DA:73,0
DA:74,0
DA:76,0
DA:78,0
DA:89,1
DA:90,1
DA:92,1
DA:93,1
DA:94,1
DA:95,1
DA:96,1
DA:97,1
DA:98,0
DA:99,0
DA:102,1
DA:103,0
DA:105,1
DA:107,1
DA:111,0
DA:112,0
DA:113,0
DA:116,0
DA:117,0
DA:118,0
DA:121,0
DA:122,0
DA:123,0
DA:124,0
DA:125,0
DA:128,0
DA:137,1
DA:138,1
DA:139,1
DA:140,1
DA:141,1
DA:142,1
DA:143,1
DA:145,0
DA:146,0
DA:148,0
DA:150,0
LF:70
LH:31
BRDA:37,0,0,0
BRDA:41,1,0,0
BRDA:41,2,0,0
BRDA:41,2,1,0
BRDA:73,3,0,0
BRDA:73,3,1,0
BRDA:95,4,0,0
BRDA:98,5,0,0
BRDA:102,6,0,0
BRDA:102,6,1,1
BRDA:111,7,0,0
BRDA:116,8,0,0
BRDA:123,9,0,0
BRDA:145,10,0,0
BRDA:145,10,1,0
BRF:15
BRH:1
end_of_record
